2023-08-22 15:04:21,587:WARNING:
'prophet' is a soft dependency and not included in the pycaret installation. Please run: `pip install prophet` to install.
2023-08-22 15:04:21,872:INFO:PyCaret TSForecastingExperiment
2023-08-22 15:04:21,872:INFO:Logging name: ts-default-name
2023-08-22 15:04:21,872:INFO:ML Usecase: MLUsecase.TIME_SERIES
2023-08-22 15:04:21,872:INFO:version 3.0.4
2023-08-22 15:04:21,872:INFO:Initializing setup()
2023-08-22 15:04:21,872:INFO:self.USI: 5878
2023-08-22 15:04:21,872:INFO:self._variable_keys: {'significant_sps', '_available_plots', 'primary_sp_to_use', 'data', 'html_param', 'enforce_exogenous', 'X_train', 'idx', 'candidate_sps', 'gpu_n_jobs_param', 'exogenous_present', 'seed', 'index_type', 'y_transformed', 'X_test_transformed', 'enforce_pi', 'all_sps_to_use', 'exp_name_log', 'X_test', 'gpu_param', 'y_train', 'USI', 'X', 'y_train_transformed', 'X_transformed', 'memory', 'y_test_transformed', 'X_train_transformed', 'fold_generator', 'exp_id', 'model_engines', 'approach_type', 'pipeline', 'y_test', 'strictly_positive', 'log_plots_param', 'fold_param', 'logging_param', 'fh', 'seasonality_present', 'significant_sps_no_harmonics', 'y', 'n_jobs_param', '_ml_usecase'}
2023-08-22 15:04:21,883:INFO:Checking environment
2023-08-22 15:04:21,884:INFO:python_version: 3.10.11
2023-08-22 15:04:21,884:INFO:python_build: ('tags/v3.10.11:7d4cc5a', 'Apr  5 2023 00:38:17')
2023-08-22 15:04:21,884:INFO:machine: AMD64
2023-08-22 15:04:21,884:INFO:platform: Windows-10-10.0.22621-SP0
2023-08-22 15:04:21,889:INFO:Memory: svmem(total=34014814208, available=16084000768, percent=52.7, used=17930813440, free=16084000768)
2023-08-22 15:04:21,889:INFO:Physical Core: 14
2023-08-22 15:04:21,889:INFO:Logical Core: 20
2023-08-22 15:04:21,889:INFO:Checking libraries
2023-08-22 15:04:21,889:INFO:System:
2023-08-22 15:04:21,889:INFO:    python: 3.10.11 (tags/v3.10.11:7d4cc5a, Apr  5 2023, 00:38:17) [MSC v.1929 64 bit (AMD64)]
2023-08-22 15:04:21,889:INFO:executable: c:\Users\VonHinson\AppData\Local\Programs\Python\Python310\python.exe
2023-08-22 15:04:21,889:INFO:   machine: Windows-10-10.0.22621-SP0
2023-08-22 15:04:21,889:INFO:PyCaret required dependencies:
2023-08-22 15:04:21,903:INFO:                 pip: 23.2.1
2023-08-22 15:04:21,903:INFO:          setuptools: 65.5.0
2023-08-22 15:04:21,903:INFO:             pycaret: 3.0.4
2023-08-22 15:04:21,903:INFO:             IPython: 8.14.0
2023-08-22 15:04:21,903:INFO:          ipywidgets: 8.1.0
2023-08-22 15:04:21,903:INFO:                tqdm: 4.66.1
2023-08-22 15:04:21,903:INFO:               numpy: 1.23.5
2023-08-22 15:04:21,903:INFO:              pandas: 1.5.3
2023-08-22 15:04:21,903:INFO:              jinja2: 3.1.2
2023-08-22 15:04:21,903:INFO:               scipy: 1.11.2
2023-08-22 15:04:21,903:INFO:              joblib: 1.3.2
2023-08-22 15:04:21,903:INFO:             sklearn: 1.2.2
2023-08-22 15:04:21,903:INFO:                pyod: 1.1.0
2023-08-22 15:04:21,903:INFO:            imblearn: 0.11.0
2023-08-22 15:04:21,903:INFO:   category_encoders: 2.6.2
2023-08-22 15:04:21,903:INFO:            lightgbm: 4.0.0
2023-08-22 15:04:21,903:INFO:               numba: 0.57.1
2023-08-22 15:04:21,903:INFO:            requests: 2.31.0
2023-08-22 15:04:21,903:INFO:          matplotlib: 3.7.2
2023-08-22 15:04:21,903:INFO:          scikitplot: 0.3.7
2023-08-22 15:04:21,903:INFO:         yellowbrick: 1.5
2023-08-22 15:04:21,903:INFO:              plotly: 5.16.1
2023-08-22 15:04:21,903:INFO:    plotly-resampler: Not installed
2023-08-22 15:04:21,903:INFO:             kaleido: 0.2.1
2023-08-22 15:04:21,903:INFO:           schemdraw: 0.15
2023-08-22 15:04:21,903:INFO:         statsmodels: 0.14.0
2023-08-22 15:04:21,903:INFO:              sktime: 0.22.0
2023-08-22 15:04:21,903:INFO:               tbats: 1.1.3
2023-08-22 15:04:21,903:INFO:            pmdarima: 2.0.3
2023-08-22 15:04:21,903:INFO:              psutil: 5.9.5
2023-08-22 15:04:21,903:INFO:          markupsafe: 2.1.3
2023-08-22 15:04:21,903:INFO:             pickle5: Not installed
2023-08-22 15:04:21,903:INFO:         cloudpickle: 2.2.1
2023-08-22 15:04:21,903:INFO:         deprecation: 2.1.0
2023-08-22 15:04:21,904:INFO:              xxhash: 3.3.0
2023-08-22 15:04:21,904:INFO:           wurlitzer: Not installed
2023-08-22 15:04:21,904:INFO:PyCaret optional dependencies:
2023-08-22 15:04:21,910:INFO:                shap: Not installed
2023-08-22 15:04:21,910:INFO:           interpret: Not installed
2023-08-22 15:04:21,910:INFO:                umap: Not installed
2023-08-22 15:04:21,910:INFO:    pandas_profiling: 4.5.1
2023-08-22 15:04:21,910:INFO:  explainerdashboard: Not installed
2023-08-22 15:04:21,910:INFO:             autoviz: Not installed
2023-08-22 15:04:21,910:INFO:           fairlearn: Not installed
2023-08-22 15:04:21,910:INFO:          deepchecks: Not installed
2023-08-22 15:04:21,910:INFO:             xgboost: 1.7.6
2023-08-22 15:04:21,910:INFO:            catboost: Not installed
2023-08-22 15:04:21,910:INFO:              kmodes: Not installed
2023-08-22 15:04:21,910:INFO:             mlxtend: Not installed
2023-08-22 15:04:21,910:INFO:       statsforecast: Not installed
2023-08-22 15:04:21,910:INFO:        tune_sklearn: Not installed
2023-08-22 15:04:21,910:INFO:                 ray: Not installed
2023-08-22 15:04:21,910:INFO:            hyperopt: Not installed
2023-08-22 15:04:21,910:INFO:              optuna: Not installed
2023-08-22 15:04:21,910:INFO:               skopt: Not installed
2023-08-22 15:04:21,910:INFO:              mlflow: Not installed
2023-08-22 15:04:21,910:INFO:              gradio: Not installed
2023-08-22 15:04:21,910:INFO:             fastapi: Not installed
2023-08-22 15:04:21,910:INFO:             uvicorn: Not installed
2023-08-22 15:04:21,910:INFO:              m2cgen: Not installed
2023-08-22 15:04:21,910:INFO:           evidently: Not installed
2023-08-22 15:04:21,910:INFO:               fugue: Not installed
2023-08-22 15:04:21,910:INFO:           streamlit: Not installed
2023-08-22 15:04:21,910:INFO:             prophet: Not installed
2023-08-22 15:04:21,910:INFO:None
2023-08-22 15:04:21,911:INFO:Set Forecast Horizon.
2023-08-22 15:04:21,912:INFO:Set up Train-Test Splits.
2023-08-22 15:04:21,928:INFO:Finished creating preprocessing pipeline.
2023-08-22 15:04:21,931:INFO:Pipeline: ForecastingPipeline(steps=[('forecaster',
                            TransformedTargetForecaster(steps=[('model',
                                                                DummyForecaster())]))])
2023-08-22 15:04:21,931:INFO:Set up Seasonal Period.
2023-08-22 15:04:21,940:INFO:Setting the seasonal component type - 'add' or 'mul'.
2023-08-22 15:04:21,940:INFO:Checking if data is strictly positive.
2023-08-22 15:04:21,963:INFO:Creating final display dataframe.
2023-08-22 15:04:21,969:INFO:Setup Display Container:                                          Description  \
0                                         session_id   
1                                             Target   
2                                           Approach   
3                                Exogenous Variables   
4                                Original data shape   
5                             Transformed data shape   
6                        Transformed train set shape   
7                         Transformed test set shape   
8                           Rows with missing values   
9                                     Fold Generator   
10                                       Fold Number   
11                       Enforce Prediction Interval   
12                   Splits used for hyperparameters   
13                   User Defined Seasonal Period(s)   
14                           Ignore Seasonality Test   
15                        Seasonality Detection Algo   
16                            Max Period to Consider   
17                         Seasonal Period(s) Tested   
18                    Significant Seasonal Period(s)   
19  Significant Seasonal Period(s) without Harmonics   
20                                  Remove Harmonics   
21                            Harmonics Order Method   
22                          Num Seasonalities to Use   
23                          All Seasonalities to Use   
24                               Primary Seasonality   
25                               Seasonality Present   
26                                  Seasonality Type   
27                          Target Strictly Positive   
28                                Target White Noise   
29                                     Recommended d   
30                            Recommended Seasonal D   
31                                        Preprocess   
32                                          CPU Jobs   
33                                           Use GPU   
34                                    Log Experiment   
35                                   Experiment Name   
36                                               USI   

                           Value  
0                            123  
1   Number of airline passengers  
2                     Univariate  
3                    Not Present  
4                       (144, 1)  
5                       (144, 1)  
6                       (143, 1)  
7                         (1, 1)  
8                           0.0%  
9        ExpandingWindowSplitter  
10                             3  
11                         False  
12                           all  
13                          None  
14                         False  
15                          auto  
16                            60  
17          [12, 24, 36, 11, 48]  
18          [12, 24, 36, 11, 48]  
19                  [48, 36, 11]  
20                         False  
21                  harmonic_max  
22                             1  
23                          [12]  
24                            12  
25                          True  
26                           mul  
27                          True  
28                            No  
29                             1  
30                             1  
31                         False  
32                            -1  
33                         False  
34                         False  
35               ts-default-name  
36                          5878  
2023-08-22 15:04:21,974:INFO:Engine successfully changes for model 'auto_arima' to 'pmdarima'.
2023-08-22 15:04:22,028:WARNING:
'prophet' is a soft dependency and not included in the pycaret installation. Please run: `pip install prophet` to install.
2023-08-22 15:04:22,028:INFO:Engine for model 'lr_cds_dt' has not been set explicitly, hence returning None.
2023-08-22 15:04:22,029:INFO:Engine for model 'en_cds_dt' has not been set explicitly, hence returning None.
2023-08-22 15:04:22,029:INFO:Engine for model 'ridge_cds_dt' has not been set explicitly, hence returning None.
2023-08-22 15:04:22,029:INFO:Engine for model 'lasso_cds_dt' has not been set explicitly, hence returning None.
2023-08-22 15:04:22,029:INFO:Engine for model 'llar_cds_dt' has not been set explicitly, hence returning None.
2023-08-22 15:04:22,029:INFO:Engine for model 'br_cds_dt' has not been set explicitly, hence returning None.
2023-08-22 15:04:22,031:INFO:Engine for model 'huber_cds_dt' has not been set explicitly, hence returning None.
2023-08-22 15:04:22,032:INFO:Engine for model 'omp_cds_dt' has not been set explicitly, hence returning None.
2023-08-22 15:04:22,033:INFO:Engine for model 'knn_cds_dt' has not been set explicitly, hence returning None.
2023-08-22 15:04:22,033:INFO:Engine for model 'dt_cds_dt' has not been set explicitly, hence returning None.
2023-08-22 15:04:22,033:INFO:Engine for model 'rf_cds_dt' has not been set explicitly, hence returning None.
2023-08-22 15:04:22,034:INFO:Engine for model 'et_cds_dt' has not been set explicitly, hence returning None.
2023-08-22 15:04:22,034:INFO:Engine for model 'gbr_cds_dt' has not been set explicitly, hence returning None.
2023-08-22 15:04:22,034:INFO:Engine for model 'ada_cds_dt' has not been set explicitly, hence returning None.
2023-08-22 15:04:22,034:INFO:Engine for model 'xgboost_cds_dt' has not been set explicitly, hence returning None.
2023-08-22 15:04:22,034:INFO:Soft dependency imported: xgboost: 1.7.6
2023-08-22 15:04:22,053:INFO:Soft dependency imported: xgboost: 1.7.6
2023-08-22 15:04:22,053:INFO:Engine for model 'lightgbm_cds_dt' has not been set explicitly, hence returning None.
2023-08-22 15:04:22,053:INFO:Engine for model 'catboost_cds_dt' has not been set explicitly, hence returning None.
2023-08-22 15:04:22,053:WARNING:
'catboost' is a soft dependency and not included in the pycaret installation. Please run: `pip install catboost` to install.
Alternately, you can install this by running `pip install pycaret[models]`
2023-08-22 15:04:22,053:WARNING:
'catboost' is a soft dependency and not included in the pycaret installation. Please run: `pip install catboost` to install.
Alternately, you can install this by running `pip install pycaret[models]`
2023-08-22 15:04:22,055:WARNING:
'prophet' is a soft dependency and not included in the pycaret installation. Please run: `pip install prophet` to install.
2023-08-22 15:04:22,055:INFO:Engine for model 'lr_cds_dt' has not been set explicitly, hence returning None.
2023-08-22 15:04:22,055:INFO:Engine for model 'en_cds_dt' has not been set explicitly, hence returning None.
2023-08-22 15:04:22,055:INFO:Engine for model 'ridge_cds_dt' has not been set explicitly, hence returning None.
2023-08-22 15:04:22,056:INFO:Engine for model 'lasso_cds_dt' has not been set explicitly, hence returning None.
2023-08-22 15:04:22,056:INFO:Engine for model 'llar_cds_dt' has not been set explicitly, hence returning None.
2023-08-22 15:04:22,056:INFO:Engine for model 'br_cds_dt' has not been set explicitly, hence returning None.
2023-08-22 15:04:22,056:INFO:Engine for model 'huber_cds_dt' has not been set explicitly, hence returning None.
2023-08-22 15:04:22,057:INFO:Engine for model 'omp_cds_dt' has not been set explicitly, hence returning None.
2023-08-22 15:04:22,058:INFO:Engine for model 'knn_cds_dt' has not been set explicitly, hence returning None.
2023-08-22 15:04:22,058:INFO:Engine for model 'dt_cds_dt' has not been set explicitly, hence returning None.
2023-08-22 15:04:22,058:INFO:Engine for model 'rf_cds_dt' has not been set explicitly, hence returning None.
2023-08-22 15:04:22,059:INFO:Engine for model 'et_cds_dt' has not been set explicitly, hence returning None.
2023-08-22 15:04:22,059:INFO:Engine for model 'gbr_cds_dt' has not been set explicitly, hence returning None.
2023-08-22 15:04:22,059:INFO:Engine for model 'ada_cds_dt' has not been set explicitly, hence returning None.
2023-08-22 15:04:22,059:INFO:Engine for model 'xgboost_cds_dt' has not been set explicitly, hence returning None.
2023-08-22 15:04:22,059:INFO:Soft dependency imported: xgboost: 1.7.6
2023-08-22 15:04:22,059:INFO:Soft dependency imported: xgboost: 1.7.6
2023-08-22 15:04:22,059:INFO:Engine for model 'lightgbm_cds_dt' has not been set explicitly, hence returning None.
2023-08-22 15:04:22,060:INFO:Engine for model 'catboost_cds_dt' has not been set explicitly, hence returning None.
2023-08-22 15:04:22,060:WARNING:
'catboost' is a soft dependency and not included in the pycaret installation. Please run: `pip install catboost` to install.
Alternately, you can install this by running `pip install pycaret[models]`
2023-08-22 15:04:22,060:WARNING:
'catboost' is a soft dependency and not included in the pycaret installation. Please run: `pip install catboost` to install.
Alternately, you can install this by running `pip install pycaret[models]`
2023-08-22 15:04:22,060:INFO:Engine successfully changes for model 'lr_cds_dt' to 'sklearn'.
2023-08-22 15:04:22,062:WARNING:
'prophet' is a soft dependency and not included in the pycaret installation. Please run: `pip install prophet` to install.
2023-08-22 15:04:22,062:INFO:Engine for model 'en_cds_dt' has not been set explicitly, hence returning None.
2023-08-22 15:04:22,063:INFO:Engine for model 'ridge_cds_dt' has not been set explicitly, hence returning None.
2023-08-22 15:04:22,063:INFO:Engine for model 'lasso_cds_dt' has not been set explicitly, hence returning None.
2023-08-22 15:04:22,063:INFO:Engine for model 'llar_cds_dt' has not been set explicitly, hence returning None.
2023-08-22 15:04:22,063:INFO:Engine for model 'br_cds_dt' has not been set explicitly, hence returning None.
2023-08-22 15:04:22,063:INFO:Engine for model 'huber_cds_dt' has not been set explicitly, hence returning None.
2023-08-22 15:04:22,065:INFO:Engine for model 'omp_cds_dt' has not been set explicitly, hence returning None.
2023-08-22 15:04:22,066:INFO:Engine for model 'knn_cds_dt' has not been set explicitly, hence returning None.
2023-08-22 15:04:22,066:INFO:Engine for model 'dt_cds_dt' has not been set explicitly, hence returning None.
2023-08-22 15:04:22,067:INFO:Engine for model 'rf_cds_dt' has not been set explicitly, hence returning None.
2023-08-22 15:04:22,067:INFO:Engine for model 'et_cds_dt' has not been set explicitly, hence returning None.
2023-08-22 15:04:22,067:INFO:Engine for model 'gbr_cds_dt' has not been set explicitly, hence returning None.
2023-08-22 15:04:22,067:INFO:Engine for model 'ada_cds_dt' has not been set explicitly, hence returning None.
2023-08-22 15:04:22,067:INFO:Engine for model 'xgboost_cds_dt' has not been set explicitly, hence returning None.
2023-08-22 15:04:22,067:INFO:Soft dependency imported: xgboost: 1.7.6
2023-08-22 15:04:22,068:INFO:Soft dependency imported: xgboost: 1.7.6
2023-08-22 15:04:22,068:INFO:Engine for model 'lightgbm_cds_dt' has not been set explicitly, hence returning None.
2023-08-22 15:04:22,068:INFO:Engine for model 'catboost_cds_dt' has not been set explicitly, hence returning None.
2023-08-22 15:04:22,068:WARNING:
'catboost' is a soft dependency and not included in the pycaret installation. Please run: `pip install catboost` to install.
Alternately, you can install this by running `pip install pycaret[models]`
2023-08-22 15:04:22,068:WARNING:
'catboost' is a soft dependency and not included in the pycaret installation. Please run: `pip install catboost` to install.
Alternately, you can install this by running `pip install pycaret[models]`
2023-08-22 15:04:22,070:WARNING:
'prophet' is a soft dependency and not included in the pycaret installation. Please run: `pip install prophet` to install.
2023-08-22 15:04:22,070:INFO:Engine for model 'en_cds_dt' has not been set explicitly, hence returning None.
2023-08-22 15:04:22,070:INFO:Engine for model 'ridge_cds_dt' has not been set explicitly, hence returning None.
2023-08-22 15:04:22,070:INFO:Engine for model 'lasso_cds_dt' has not been set explicitly, hence returning None.
2023-08-22 15:04:22,070:INFO:Engine for model 'llar_cds_dt' has not been set explicitly, hence returning None.
2023-08-22 15:04:22,071:INFO:Engine for model 'br_cds_dt' has not been set explicitly, hence returning None.
2023-08-22 15:04:22,071:INFO:Engine for model 'huber_cds_dt' has not been set explicitly, hence returning None.
2023-08-22 15:04:22,072:INFO:Engine for model 'omp_cds_dt' has not been set explicitly, hence returning None.
2023-08-22 15:04:22,073:INFO:Engine for model 'knn_cds_dt' has not been set explicitly, hence returning None.
2023-08-22 15:04:22,073:INFO:Engine for model 'dt_cds_dt' has not been set explicitly, hence returning None.
2023-08-22 15:04:22,073:INFO:Engine for model 'rf_cds_dt' has not been set explicitly, hence returning None.
2023-08-22 15:04:22,074:INFO:Engine for model 'et_cds_dt' has not been set explicitly, hence returning None.
2023-08-22 15:04:22,074:INFO:Engine for model 'gbr_cds_dt' has not been set explicitly, hence returning None.
2023-08-22 15:04:22,074:INFO:Engine for model 'ada_cds_dt' has not been set explicitly, hence returning None.
2023-08-22 15:04:22,074:INFO:Engine for model 'xgboost_cds_dt' has not been set explicitly, hence returning None.
2023-08-22 15:04:22,074:INFO:Soft dependency imported: xgboost: 1.7.6
2023-08-22 15:04:22,074:INFO:Soft dependency imported: xgboost: 1.7.6
2023-08-22 15:04:22,074:INFO:Engine for model 'lightgbm_cds_dt' has not been set explicitly, hence returning None.
2023-08-22 15:04:22,075:INFO:Engine for model 'catboost_cds_dt' has not been set explicitly, hence returning None.
2023-08-22 15:04:22,075:WARNING:
'catboost' is a soft dependency and not included in the pycaret installation. Please run: `pip install catboost` to install.
Alternately, you can install this by running `pip install pycaret[models]`
2023-08-22 15:04:22,075:WARNING:
'catboost' is a soft dependency and not included in the pycaret installation. Please run: `pip install catboost` to install.
Alternately, you can install this by running `pip install pycaret[models]`
2023-08-22 15:04:22,075:INFO:Engine successfully changes for model 'en_cds_dt' to 'sklearn'.
2023-08-22 15:04:22,076:WARNING:
'prophet' is a soft dependency and not included in the pycaret installation. Please run: `pip install prophet` to install.
2023-08-22 15:04:22,077:INFO:Engine for model 'ridge_cds_dt' has not been set explicitly, hence returning None.
2023-08-22 15:04:22,077:INFO:Engine for model 'lasso_cds_dt' has not been set explicitly, hence returning None.
2023-08-22 15:04:22,077:INFO:Engine for model 'llar_cds_dt' has not been set explicitly, hence returning None.
2023-08-22 15:04:22,077:INFO:Engine for model 'br_cds_dt' has not been set explicitly, hence returning None.
2023-08-22 15:04:22,077:INFO:Engine for model 'huber_cds_dt' has not been set explicitly, hence returning None.
2023-08-22 15:04:22,078:INFO:Engine for model 'omp_cds_dt' has not been set explicitly, hence returning None.
2023-08-22 15:04:22,079:INFO:Engine for model 'knn_cds_dt' has not been set explicitly, hence returning None.
2023-08-22 15:04:22,079:INFO:Engine for model 'dt_cds_dt' has not been set explicitly, hence returning None.
2023-08-22 15:04:22,079:INFO:Engine for model 'rf_cds_dt' has not been set explicitly, hence returning None.
2023-08-22 15:04:22,080:INFO:Engine for model 'et_cds_dt' has not been set explicitly, hence returning None.
2023-08-22 15:04:22,080:INFO:Engine for model 'gbr_cds_dt' has not been set explicitly, hence returning None.
2023-08-22 15:04:22,080:INFO:Engine for model 'ada_cds_dt' has not been set explicitly, hence returning None.
2023-08-22 15:04:22,080:INFO:Engine for model 'xgboost_cds_dt' has not been set explicitly, hence returning None.
2023-08-22 15:04:22,080:INFO:Soft dependency imported: xgboost: 1.7.6
2023-08-22 15:04:22,080:INFO:Soft dependency imported: xgboost: 1.7.6
2023-08-22 15:04:22,080:INFO:Engine for model 'lightgbm_cds_dt' has not been set explicitly, hence returning None.
2023-08-22 15:04:22,081:INFO:Engine for model 'catboost_cds_dt' has not been set explicitly, hence returning None.
2023-08-22 15:04:22,081:WARNING:
'catboost' is a soft dependency and not included in the pycaret installation. Please run: `pip install catboost` to install.
Alternately, you can install this by running `pip install pycaret[models]`
2023-08-22 15:04:22,081:WARNING:
'catboost' is a soft dependency and not included in the pycaret installation. Please run: `pip install catboost` to install.
Alternately, you can install this by running `pip install pycaret[models]`
2023-08-22 15:04:22,082:WARNING:
'prophet' is a soft dependency and not included in the pycaret installation. Please run: `pip install prophet` to install.
2023-08-22 15:04:22,083:INFO:Engine for model 'ridge_cds_dt' has not been set explicitly, hence returning None.
2023-08-22 15:04:22,083:INFO:Engine for model 'lasso_cds_dt' has not been set explicitly, hence returning None.
2023-08-22 15:04:22,083:INFO:Engine for model 'llar_cds_dt' has not been set explicitly, hence returning None.
2023-08-22 15:04:22,083:INFO:Engine for model 'br_cds_dt' has not been set explicitly, hence returning None.
2023-08-22 15:04:22,083:INFO:Engine for model 'huber_cds_dt' has not been set explicitly, hence returning None.
2023-08-22 15:04:22,084:INFO:Engine for model 'omp_cds_dt' has not been set explicitly, hence returning None.
2023-08-22 15:04:22,085:INFO:Engine for model 'knn_cds_dt' has not been set explicitly, hence returning None.
2023-08-22 15:04:22,085:INFO:Engine for model 'dt_cds_dt' has not been set explicitly, hence returning None.
2023-08-22 15:04:22,085:INFO:Engine for model 'rf_cds_dt' has not been set explicitly, hence returning None.
2023-08-22 15:04:22,086:INFO:Engine for model 'et_cds_dt' has not been set explicitly, hence returning None.
2023-08-22 15:04:22,086:INFO:Engine for model 'gbr_cds_dt' has not been set explicitly, hence returning None.
2023-08-22 15:04:22,086:INFO:Engine for model 'ada_cds_dt' has not been set explicitly, hence returning None.
2023-08-22 15:04:22,086:INFO:Engine for model 'xgboost_cds_dt' has not been set explicitly, hence returning None.
2023-08-22 15:04:22,086:INFO:Soft dependency imported: xgboost: 1.7.6
2023-08-22 15:04:22,086:INFO:Soft dependency imported: xgboost: 1.7.6
2023-08-22 15:04:22,086:INFO:Engine for model 'lightgbm_cds_dt' has not been set explicitly, hence returning None.
2023-08-22 15:04:22,087:INFO:Engine for model 'catboost_cds_dt' has not been set explicitly, hence returning None.
2023-08-22 15:04:22,087:WARNING:
'catboost' is a soft dependency and not included in the pycaret installation. Please run: `pip install catboost` to install.
Alternately, you can install this by running `pip install pycaret[models]`
2023-08-22 15:04:22,087:WARNING:
'catboost' is a soft dependency and not included in the pycaret installation. Please run: `pip install catboost` to install.
Alternately, you can install this by running `pip install pycaret[models]`
2023-08-22 15:04:22,087:INFO:Engine successfully changes for model 'ridge_cds_dt' to 'sklearn'.
2023-08-22 15:04:22,088:WARNING:
'prophet' is a soft dependency and not included in the pycaret installation. Please run: `pip install prophet` to install.
2023-08-22 15:04:22,089:INFO:Engine for model 'lasso_cds_dt' has not been set explicitly, hence returning None.
2023-08-22 15:04:22,089:INFO:Engine for model 'llar_cds_dt' has not been set explicitly, hence returning None.
2023-08-22 15:04:22,089:INFO:Engine for model 'br_cds_dt' has not been set explicitly, hence returning None.
2023-08-22 15:04:22,089:INFO:Engine for model 'huber_cds_dt' has not been set explicitly, hence returning None.
2023-08-22 15:04:22,090:INFO:Engine for model 'omp_cds_dt' has not been set explicitly, hence returning None.
2023-08-22 15:04:22,091:INFO:Engine for model 'knn_cds_dt' has not been set explicitly, hence returning None.
2023-08-22 15:04:22,091:INFO:Engine for model 'dt_cds_dt' has not been set explicitly, hence returning None.
2023-08-22 15:04:22,091:INFO:Engine for model 'rf_cds_dt' has not been set explicitly, hence returning None.
2023-08-22 15:04:22,091:INFO:Engine for model 'et_cds_dt' has not been set explicitly, hence returning None.
2023-08-22 15:04:22,092:INFO:Engine for model 'gbr_cds_dt' has not been set explicitly, hence returning None.
2023-08-22 15:04:22,092:INFO:Engine for model 'ada_cds_dt' has not been set explicitly, hence returning None.
2023-08-22 15:04:22,092:INFO:Engine for model 'xgboost_cds_dt' has not been set explicitly, hence returning None.
2023-08-22 15:04:22,092:INFO:Soft dependency imported: xgboost: 1.7.6
2023-08-22 15:04:22,092:INFO:Soft dependency imported: xgboost: 1.7.6
2023-08-22 15:04:22,092:INFO:Engine for model 'lightgbm_cds_dt' has not been set explicitly, hence returning None.
2023-08-22 15:04:22,092:INFO:Engine for model 'catboost_cds_dt' has not been set explicitly, hence returning None.
2023-08-22 15:04:22,092:WARNING:
'catboost' is a soft dependency and not included in the pycaret installation. Please run: `pip install catboost` to install.
Alternately, you can install this by running `pip install pycaret[models]`
2023-08-22 15:04:22,092:WARNING:
'catboost' is a soft dependency and not included in the pycaret installation. Please run: `pip install catboost` to install.
Alternately, you can install this by running `pip install pycaret[models]`
2023-08-22 15:04:22,094:WARNING:
'prophet' is a soft dependency and not included in the pycaret installation. Please run: `pip install prophet` to install.
2023-08-22 15:04:22,095:INFO:Engine for model 'lasso_cds_dt' has not been set explicitly, hence returning None.
2023-08-22 15:04:22,095:INFO:Engine for model 'llar_cds_dt' has not been set explicitly, hence returning None.
2023-08-22 15:04:22,095:INFO:Engine for model 'br_cds_dt' has not been set explicitly, hence returning None.
2023-08-22 15:04:22,095:INFO:Engine for model 'huber_cds_dt' has not been set explicitly, hence returning None.
2023-08-22 15:04:22,096:INFO:Engine for model 'omp_cds_dt' has not been set explicitly, hence returning None.
2023-08-22 15:04:22,097:INFO:Engine for model 'knn_cds_dt' has not been set explicitly, hence returning None.
2023-08-22 15:04:22,097:INFO:Engine for model 'dt_cds_dt' has not been set explicitly, hence returning None.
2023-08-22 15:04:22,097:INFO:Engine for model 'rf_cds_dt' has not been set explicitly, hence returning None.
2023-08-22 15:04:22,097:INFO:Engine for model 'et_cds_dt' has not been set explicitly, hence returning None.
2023-08-22 15:04:22,098:INFO:Engine for model 'gbr_cds_dt' has not been set explicitly, hence returning None.
2023-08-22 15:04:22,098:INFO:Engine for model 'ada_cds_dt' has not been set explicitly, hence returning None.
2023-08-22 15:04:22,098:INFO:Engine for model 'xgboost_cds_dt' has not been set explicitly, hence returning None.
2023-08-22 15:04:22,098:INFO:Soft dependency imported: xgboost: 1.7.6
2023-08-22 15:04:22,098:INFO:Soft dependency imported: xgboost: 1.7.6
2023-08-22 15:04:22,098:INFO:Engine for model 'lightgbm_cds_dt' has not been set explicitly, hence returning None.
2023-08-22 15:04:22,098:INFO:Engine for model 'catboost_cds_dt' has not been set explicitly, hence returning None.
2023-08-22 15:04:22,098:WARNING:
'catboost' is a soft dependency and not included in the pycaret installation. Please run: `pip install catboost` to install.
Alternately, you can install this by running `pip install pycaret[models]`
2023-08-22 15:04:22,098:WARNING:
'catboost' is a soft dependency and not included in the pycaret installation. Please run: `pip install catboost` to install.
Alternately, you can install this by running `pip install pycaret[models]`
2023-08-22 15:04:22,099:INFO:Engine successfully changes for model 'lasso_cds_dt' to 'sklearn'.
2023-08-22 15:04:22,100:WARNING:
'prophet' is a soft dependency and not included in the pycaret installation. Please run: `pip install prophet` to install.
2023-08-22 15:04:22,101:INFO:Engine for model 'llar_cds_dt' has not been set explicitly, hence returning None.
2023-08-22 15:04:22,101:INFO:Engine for model 'br_cds_dt' has not been set explicitly, hence returning None.
2023-08-22 15:04:22,101:INFO:Engine for model 'huber_cds_dt' has not been set explicitly, hence returning None.
2023-08-22 15:04:22,102:INFO:Engine for model 'omp_cds_dt' has not been set explicitly, hence returning None.
2023-08-22 15:04:22,103:INFO:Engine for model 'knn_cds_dt' has not been set explicitly, hence returning None.
2023-08-22 15:04:22,103:INFO:Engine for model 'dt_cds_dt' has not been set explicitly, hence returning None.
2023-08-22 15:04:22,103:INFO:Engine for model 'rf_cds_dt' has not been set explicitly, hence returning None.
2023-08-22 15:04:22,103:INFO:Engine for model 'et_cds_dt' has not been set explicitly, hence returning None.
2023-08-22 15:04:22,103:INFO:Engine for model 'gbr_cds_dt' has not been set explicitly, hence returning None.
2023-08-22 15:04:22,104:INFO:Engine for model 'ada_cds_dt' has not been set explicitly, hence returning None.
2023-08-22 15:04:22,104:INFO:Engine for model 'xgboost_cds_dt' has not been set explicitly, hence returning None.
2023-08-22 15:04:22,104:INFO:Soft dependency imported: xgboost: 1.7.6
2023-08-22 15:04:22,104:INFO:Soft dependency imported: xgboost: 1.7.6
2023-08-22 15:04:22,104:INFO:Engine for model 'lightgbm_cds_dt' has not been set explicitly, hence returning None.
2023-08-22 15:04:22,104:INFO:Engine for model 'catboost_cds_dt' has not been set explicitly, hence returning None.
2023-08-22 15:04:22,104:WARNING:
'catboost' is a soft dependency and not included in the pycaret installation. Please run: `pip install catboost` to install.
Alternately, you can install this by running `pip install pycaret[models]`
2023-08-22 15:04:22,104:WARNING:
'catboost' is a soft dependency and not included in the pycaret installation. Please run: `pip install catboost` to install.
Alternately, you can install this by running `pip install pycaret[models]`
2023-08-22 15:04:22,106:WARNING:
'prophet' is a soft dependency and not included in the pycaret installation. Please run: `pip install prophet` to install.
2023-08-22 15:04:22,106:INFO:Engine for model 'llar_cds_dt' has not been set explicitly, hence returning None.
2023-08-22 15:04:22,107:INFO:Engine for model 'br_cds_dt' has not been set explicitly, hence returning None.
2023-08-22 15:04:22,107:INFO:Engine for model 'huber_cds_dt' has not been set explicitly, hence returning None.
2023-08-22 15:04:22,108:INFO:Engine for model 'omp_cds_dt' has not been set explicitly, hence returning None.
2023-08-22 15:04:22,109:INFO:Engine for model 'knn_cds_dt' has not been set explicitly, hence returning None.
2023-08-22 15:04:22,109:INFO:Engine for model 'dt_cds_dt' has not been set explicitly, hence returning None.
2023-08-22 15:04:22,109:INFO:Engine for model 'rf_cds_dt' has not been set explicitly, hence returning None.
2023-08-22 15:04:22,109:INFO:Engine for model 'et_cds_dt' has not been set explicitly, hence returning None.
2023-08-22 15:04:22,109:INFO:Engine for model 'gbr_cds_dt' has not been set explicitly, hence returning None.
2023-08-22 15:04:22,109:INFO:Engine for model 'ada_cds_dt' has not been set explicitly, hence returning None.
2023-08-22 15:04:22,110:INFO:Engine for model 'xgboost_cds_dt' has not been set explicitly, hence returning None.
2023-08-22 15:04:22,110:INFO:Soft dependency imported: xgboost: 1.7.6
2023-08-22 15:04:22,110:INFO:Soft dependency imported: xgboost: 1.7.6
2023-08-22 15:04:22,110:INFO:Engine for model 'lightgbm_cds_dt' has not been set explicitly, hence returning None.
2023-08-22 15:04:22,110:INFO:Engine for model 'catboost_cds_dt' has not been set explicitly, hence returning None.
2023-08-22 15:04:22,110:WARNING:
'catboost' is a soft dependency and not included in the pycaret installation. Please run: `pip install catboost` to install.
Alternately, you can install this by running `pip install pycaret[models]`
2023-08-22 15:04:22,110:WARNING:
'catboost' is a soft dependency and not included in the pycaret installation. Please run: `pip install catboost` to install.
Alternately, you can install this by running `pip install pycaret[models]`
2023-08-22 15:04:22,110:INFO:Engine successfully changes for model 'lar_cds_dt' to 'sklearn'.
2023-08-22 15:04:22,112:WARNING:
'prophet' is a soft dependency and not included in the pycaret installation. Please run: `pip install prophet` to install.
2023-08-22 15:04:22,112:INFO:Engine for model 'llar_cds_dt' has not been set explicitly, hence returning None.
2023-08-22 15:04:22,112:INFO:Engine for model 'br_cds_dt' has not been set explicitly, hence returning None.
2023-08-22 15:04:22,113:INFO:Engine for model 'huber_cds_dt' has not been set explicitly, hence returning None.
2023-08-22 15:04:22,114:INFO:Engine for model 'omp_cds_dt' has not been set explicitly, hence returning None.
2023-08-22 15:04:22,115:INFO:Engine for model 'knn_cds_dt' has not been set explicitly, hence returning None.
2023-08-22 15:04:22,115:INFO:Engine for model 'dt_cds_dt' has not been set explicitly, hence returning None.
2023-08-22 15:04:22,115:INFO:Engine for model 'rf_cds_dt' has not been set explicitly, hence returning None.
2023-08-22 15:04:22,115:INFO:Engine for model 'et_cds_dt' has not been set explicitly, hence returning None.
2023-08-22 15:04:22,115:INFO:Engine for model 'gbr_cds_dt' has not been set explicitly, hence returning None.
2023-08-22 15:04:22,115:INFO:Engine for model 'ada_cds_dt' has not been set explicitly, hence returning None.
2023-08-22 15:04:22,116:INFO:Engine for model 'xgboost_cds_dt' has not been set explicitly, hence returning None.
2023-08-22 15:04:22,116:INFO:Soft dependency imported: xgboost: 1.7.6
2023-08-22 15:04:22,116:INFO:Soft dependency imported: xgboost: 1.7.6
2023-08-22 15:04:22,116:INFO:Engine for model 'lightgbm_cds_dt' has not been set explicitly, hence returning None.
2023-08-22 15:04:22,116:INFO:Engine for model 'catboost_cds_dt' has not been set explicitly, hence returning None.
2023-08-22 15:04:22,116:WARNING:
'catboost' is a soft dependency and not included in the pycaret installation. Please run: `pip install catboost` to install.
Alternately, you can install this by running `pip install pycaret[models]`
2023-08-22 15:04:22,116:WARNING:
'catboost' is a soft dependency and not included in the pycaret installation. Please run: `pip install catboost` to install.
Alternately, you can install this by running `pip install pycaret[models]`
2023-08-22 15:04:22,117:WARNING:
'prophet' is a soft dependency and not included in the pycaret installation. Please run: `pip install prophet` to install.
2023-08-22 15:04:22,119:INFO:Engine for model 'llar_cds_dt' has not been set explicitly, hence returning None.
2023-08-22 15:04:22,119:INFO:Engine for model 'br_cds_dt' has not been set explicitly, hence returning None.
2023-08-22 15:04:22,119:INFO:Engine for model 'huber_cds_dt' has not been set explicitly, hence returning None.
2023-08-22 15:04:22,120:INFO:Engine for model 'omp_cds_dt' has not been set explicitly, hence returning None.
2023-08-22 15:04:22,121:INFO:Engine for model 'knn_cds_dt' has not been set explicitly, hence returning None.
2023-08-22 15:04:22,121:INFO:Engine for model 'dt_cds_dt' has not been set explicitly, hence returning None.
2023-08-22 15:04:22,121:INFO:Engine for model 'rf_cds_dt' has not been set explicitly, hence returning None.
2023-08-22 15:04:22,121:INFO:Engine for model 'et_cds_dt' has not been set explicitly, hence returning None.
2023-08-22 15:04:22,121:INFO:Engine for model 'gbr_cds_dt' has not been set explicitly, hence returning None.
2023-08-22 15:04:22,122:INFO:Engine for model 'ada_cds_dt' has not been set explicitly, hence returning None.
2023-08-22 15:04:22,122:INFO:Engine for model 'xgboost_cds_dt' has not been set explicitly, hence returning None.
2023-08-22 15:04:22,122:INFO:Soft dependency imported: xgboost: 1.7.6
2023-08-22 15:04:22,122:INFO:Soft dependency imported: xgboost: 1.7.6
2023-08-22 15:04:22,122:INFO:Engine for model 'lightgbm_cds_dt' has not been set explicitly, hence returning None.
2023-08-22 15:04:22,123:INFO:Engine for model 'catboost_cds_dt' has not been set explicitly, hence returning None.
2023-08-22 15:04:22,123:WARNING:
'catboost' is a soft dependency and not included in the pycaret installation. Please run: `pip install catboost` to install.
Alternately, you can install this by running `pip install pycaret[models]`
2023-08-22 15:04:22,123:WARNING:
'catboost' is a soft dependency and not included in the pycaret installation. Please run: `pip install catboost` to install.
Alternately, you can install this by running `pip install pycaret[models]`
2023-08-22 15:04:22,123:INFO:Engine successfully changes for model 'llar_cds_dt' to 'sklearn'.
2023-08-22 15:04:22,124:WARNING:
'prophet' is a soft dependency and not included in the pycaret installation. Please run: `pip install prophet` to install.
2023-08-22 15:04:22,125:INFO:Engine for model 'br_cds_dt' has not been set explicitly, hence returning None.
2023-08-22 15:04:22,125:INFO:Engine for model 'huber_cds_dt' has not been set explicitly, hence returning None.
2023-08-22 15:04:22,126:INFO:Engine for model 'omp_cds_dt' has not been set explicitly, hence returning None.
2023-08-22 15:04:22,127:INFO:Engine for model 'knn_cds_dt' has not been set explicitly, hence returning None.
2023-08-22 15:04:22,127:INFO:Engine for model 'dt_cds_dt' has not been set explicitly, hence returning None.
2023-08-22 15:04:22,127:INFO:Engine for model 'rf_cds_dt' has not been set explicitly, hence returning None.
2023-08-22 15:04:22,127:INFO:Engine for model 'et_cds_dt' has not been set explicitly, hence returning None.
2023-08-22 15:04:22,128:INFO:Engine for model 'gbr_cds_dt' has not been set explicitly, hence returning None.
2023-08-22 15:04:22,128:INFO:Engine for model 'ada_cds_dt' has not been set explicitly, hence returning None.
2023-08-22 15:04:22,128:INFO:Engine for model 'xgboost_cds_dt' has not been set explicitly, hence returning None.
2023-08-22 15:04:22,128:INFO:Soft dependency imported: xgboost: 1.7.6
2023-08-22 15:04:22,128:INFO:Soft dependency imported: xgboost: 1.7.6
2023-08-22 15:04:22,128:INFO:Engine for model 'lightgbm_cds_dt' has not been set explicitly, hence returning None.
2023-08-22 15:04:22,128:INFO:Engine for model 'catboost_cds_dt' has not been set explicitly, hence returning None.
2023-08-22 15:04:22,128:WARNING:
'catboost' is a soft dependency and not included in the pycaret installation. Please run: `pip install catboost` to install.
Alternately, you can install this by running `pip install pycaret[models]`
2023-08-22 15:04:22,128:WARNING:
'catboost' is a soft dependency and not included in the pycaret installation. Please run: `pip install catboost` to install.
Alternately, you can install this by running `pip install pycaret[models]`
2023-08-22 15:04:22,130:WARNING:
'prophet' is a soft dependency and not included in the pycaret installation. Please run: `pip install prophet` to install.
2023-08-22 15:04:22,131:INFO:Engine for model 'br_cds_dt' has not been set explicitly, hence returning None.
2023-08-22 15:04:22,131:INFO:Engine for model 'huber_cds_dt' has not been set explicitly, hence returning None.
2023-08-22 15:04:22,132:INFO:Engine for model 'omp_cds_dt' has not been set explicitly, hence returning None.
2023-08-22 15:04:22,133:INFO:Engine for model 'knn_cds_dt' has not been set explicitly, hence returning None.
2023-08-22 15:04:22,133:INFO:Engine for model 'dt_cds_dt' has not been set explicitly, hence returning None.
2023-08-22 15:04:22,133:INFO:Engine for model 'rf_cds_dt' has not been set explicitly, hence returning None.
2023-08-22 15:04:22,133:INFO:Engine for model 'et_cds_dt' has not been set explicitly, hence returning None.
2023-08-22 15:04:22,134:INFO:Engine for model 'gbr_cds_dt' has not been set explicitly, hence returning None.
2023-08-22 15:04:22,134:INFO:Engine for model 'ada_cds_dt' has not been set explicitly, hence returning None.
2023-08-22 15:04:22,134:INFO:Engine for model 'xgboost_cds_dt' has not been set explicitly, hence returning None.
2023-08-22 15:04:22,134:INFO:Soft dependency imported: xgboost: 1.7.6
2023-08-22 15:04:22,134:INFO:Soft dependency imported: xgboost: 1.7.6
2023-08-22 15:04:22,134:INFO:Engine for model 'lightgbm_cds_dt' has not been set explicitly, hence returning None.
2023-08-22 15:04:22,134:INFO:Engine for model 'catboost_cds_dt' has not been set explicitly, hence returning None.
2023-08-22 15:04:22,134:WARNING:
'catboost' is a soft dependency and not included in the pycaret installation. Please run: `pip install catboost` to install.
Alternately, you can install this by running `pip install pycaret[models]`
2023-08-22 15:04:22,135:WARNING:
'catboost' is a soft dependency and not included in the pycaret installation. Please run: `pip install catboost` to install.
Alternately, you can install this by running `pip install pycaret[models]`
2023-08-22 15:04:22,135:INFO:Engine successfully changes for model 'br_cds_dt' to 'sklearn'.
2023-08-22 15:04:22,136:WARNING:
'prophet' is a soft dependency and not included in the pycaret installation. Please run: `pip install prophet` to install.
2023-08-22 15:04:22,137:INFO:Engine for model 'huber_cds_dt' has not been set explicitly, hence returning None.
2023-08-22 15:04:22,138:INFO:Engine for model 'omp_cds_dt' has not been set explicitly, hence returning None.
2023-08-22 15:04:22,139:INFO:Engine for model 'knn_cds_dt' has not been set explicitly, hence returning None.
2023-08-22 15:04:22,139:INFO:Engine for model 'dt_cds_dt' has not been set explicitly, hence returning None.
2023-08-22 15:04:22,139:INFO:Engine for model 'rf_cds_dt' has not been set explicitly, hence returning None.
2023-08-22 15:04:22,139:INFO:Engine for model 'et_cds_dt' has not been set explicitly, hence returning None.
2023-08-22 15:04:22,139:INFO:Engine for model 'gbr_cds_dt' has not been set explicitly, hence returning None.
2023-08-22 15:04:22,140:INFO:Engine for model 'ada_cds_dt' has not been set explicitly, hence returning None.
2023-08-22 15:04:22,140:INFO:Engine for model 'xgboost_cds_dt' has not been set explicitly, hence returning None.
2023-08-22 15:04:22,140:INFO:Soft dependency imported: xgboost: 1.7.6
2023-08-22 15:04:22,140:INFO:Soft dependency imported: xgboost: 1.7.6
2023-08-22 15:04:22,140:INFO:Engine for model 'lightgbm_cds_dt' has not been set explicitly, hence returning None.
2023-08-22 15:04:22,140:INFO:Engine for model 'catboost_cds_dt' has not been set explicitly, hence returning None.
2023-08-22 15:04:22,140:WARNING:
'catboost' is a soft dependency and not included in the pycaret installation. Please run: `pip install catboost` to install.
Alternately, you can install this by running `pip install pycaret[models]`
2023-08-22 15:04:22,140:WARNING:
'catboost' is a soft dependency and not included in the pycaret installation. Please run: `pip install catboost` to install.
Alternately, you can install this by running `pip install pycaret[models]`
2023-08-22 15:04:22,142:WARNING:
'prophet' is a soft dependency and not included in the pycaret installation. Please run: `pip install prophet` to install.
2023-08-22 15:04:22,143:INFO:Engine for model 'huber_cds_dt' has not been set explicitly, hence returning None.
2023-08-22 15:04:22,144:INFO:Engine for model 'omp_cds_dt' has not been set explicitly, hence returning None.
2023-08-22 15:04:22,144:INFO:Engine for model 'knn_cds_dt' has not been set explicitly, hence returning None.
2023-08-22 15:04:22,145:INFO:Engine for model 'dt_cds_dt' has not been set explicitly, hence returning None.
2023-08-22 15:04:22,145:INFO:Engine for model 'rf_cds_dt' has not been set explicitly, hence returning None.
2023-08-22 15:04:22,145:INFO:Engine for model 'et_cds_dt' has not been set explicitly, hence returning None.
2023-08-22 15:04:22,145:INFO:Engine for model 'gbr_cds_dt' has not been set explicitly, hence returning None.
2023-08-22 15:04:22,145:INFO:Engine for model 'ada_cds_dt' has not been set explicitly, hence returning None.
2023-08-22 15:04:22,145:INFO:Engine for model 'xgboost_cds_dt' has not been set explicitly, hence returning None.
2023-08-22 15:04:22,145:INFO:Soft dependency imported: xgboost: 1.7.6
2023-08-22 15:04:22,146:INFO:Soft dependency imported: xgboost: 1.7.6
2023-08-22 15:04:22,146:INFO:Engine for model 'lightgbm_cds_dt' has not been set explicitly, hence returning None.
2023-08-22 15:04:22,146:INFO:Engine for model 'catboost_cds_dt' has not been set explicitly, hence returning None.
2023-08-22 15:04:22,146:WARNING:
'catboost' is a soft dependency and not included in the pycaret installation. Please run: `pip install catboost` to install.
Alternately, you can install this by running `pip install pycaret[models]`
2023-08-22 15:04:22,146:WARNING:
'catboost' is a soft dependency and not included in the pycaret installation. Please run: `pip install catboost` to install.
Alternately, you can install this by running `pip install pycaret[models]`
2023-08-22 15:04:22,146:INFO:Engine successfully changes for model 'huber_cds_dt' to 'sklearn'.
2023-08-22 15:04:22,148:WARNING:
'prophet' is a soft dependency and not included in the pycaret installation. Please run: `pip install prophet` to install.
2023-08-22 15:04:22,149:INFO:Engine for model 'omp_cds_dt' has not been set explicitly, hence returning None.
2023-08-22 15:04:22,150:INFO:Engine for model 'knn_cds_dt' has not been set explicitly, hence returning None.
2023-08-22 15:04:22,150:INFO:Engine for model 'dt_cds_dt' has not been set explicitly, hence returning None.
2023-08-22 15:04:22,151:INFO:Engine for model 'rf_cds_dt' has not been set explicitly, hence returning None.
2023-08-22 15:04:22,151:INFO:Engine for model 'et_cds_dt' has not been set explicitly, hence returning None.
2023-08-22 15:04:22,151:INFO:Engine for model 'gbr_cds_dt' has not been set explicitly, hence returning None.
2023-08-22 15:04:22,151:INFO:Engine for model 'ada_cds_dt' has not been set explicitly, hence returning None.
2023-08-22 15:04:22,151:INFO:Engine for model 'xgboost_cds_dt' has not been set explicitly, hence returning None.
2023-08-22 15:04:22,151:INFO:Soft dependency imported: xgboost: 1.7.6
2023-08-22 15:04:22,152:INFO:Soft dependency imported: xgboost: 1.7.6
2023-08-22 15:04:22,152:INFO:Engine for model 'lightgbm_cds_dt' has not been set explicitly, hence returning None.
2023-08-22 15:04:22,152:INFO:Engine for model 'catboost_cds_dt' has not been set explicitly, hence returning None.
2023-08-22 15:04:22,152:WARNING:
'catboost' is a soft dependency and not included in the pycaret installation. Please run: `pip install catboost` to install.
Alternately, you can install this by running `pip install pycaret[models]`
2023-08-22 15:04:22,152:WARNING:
'catboost' is a soft dependency and not included in the pycaret installation. Please run: `pip install catboost` to install.
Alternately, you can install this by running `pip install pycaret[models]`
2023-08-22 15:04:22,154:WARNING:
'prophet' is a soft dependency and not included in the pycaret installation. Please run: `pip install prophet` to install.
2023-08-22 15:04:22,155:INFO:Engine for model 'omp_cds_dt' has not been set explicitly, hence returning None.
2023-08-22 15:04:22,156:INFO:Engine for model 'knn_cds_dt' has not been set explicitly, hence returning None.
2023-08-22 15:04:22,156:INFO:Engine for model 'dt_cds_dt' has not been set explicitly, hence returning None.
2023-08-22 15:04:22,156:INFO:Engine for model 'rf_cds_dt' has not been set explicitly, hence returning None.
2023-08-22 15:04:22,157:INFO:Engine for model 'et_cds_dt' has not been set explicitly, hence returning None.
2023-08-22 15:04:22,157:INFO:Engine for model 'gbr_cds_dt' has not been set explicitly, hence returning None.
2023-08-22 15:04:22,157:INFO:Engine for model 'ada_cds_dt' has not been set explicitly, hence returning None.
2023-08-22 15:04:22,157:INFO:Engine for model 'xgboost_cds_dt' has not been set explicitly, hence returning None.
2023-08-22 15:04:22,157:INFO:Soft dependency imported: xgboost: 1.7.6
2023-08-22 15:04:22,157:INFO:Soft dependency imported: xgboost: 1.7.6
2023-08-22 15:04:22,158:INFO:Engine for model 'lightgbm_cds_dt' has not been set explicitly, hence returning None.
2023-08-22 15:04:22,158:INFO:Engine for model 'catboost_cds_dt' has not been set explicitly, hence returning None.
2023-08-22 15:04:22,158:WARNING:
'catboost' is a soft dependency and not included in the pycaret installation. Please run: `pip install catboost` to install.
Alternately, you can install this by running `pip install pycaret[models]`
2023-08-22 15:04:22,158:WARNING:
'catboost' is a soft dependency and not included in the pycaret installation. Please run: `pip install catboost` to install.
Alternately, you can install this by running `pip install pycaret[models]`
2023-08-22 15:04:22,158:INFO:Engine successfully changes for model 'par_cds_dt' to 'sklearn'.
2023-08-22 15:04:22,159:WARNING:
'prophet' is a soft dependency and not included in the pycaret installation. Please run: `pip install prophet` to install.
2023-08-22 15:04:22,161:INFO:Engine for model 'omp_cds_dt' has not been set explicitly, hence returning None.
2023-08-22 15:04:22,162:INFO:Engine for model 'knn_cds_dt' has not been set explicitly, hence returning None.
2023-08-22 15:04:22,162:INFO:Engine for model 'dt_cds_dt' has not been set explicitly, hence returning None.
2023-08-22 15:04:22,162:INFO:Engine for model 'rf_cds_dt' has not been set explicitly, hence returning None.
2023-08-22 15:04:22,162:INFO:Engine for model 'et_cds_dt' has not been set explicitly, hence returning None.
2023-08-22 15:04:22,163:INFO:Engine for model 'gbr_cds_dt' has not been set explicitly, hence returning None.
2023-08-22 15:04:22,163:INFO:Engine for model 'ada_cds_dt' has not been set explicitly, hence returning None.
2023-08-22 15:04:22,163:INFO:Engine for model 'xgboost_cds_dt' has not been set explicitly, hence returning None.
2023-08-22 15:04:22,163:INFO:Soft dependency imported: xgboost: 1.7.6
2023-08-22 15:04:22,163:INFO:Soft dependency imported: xgboost: 1.7.6
2023-08-22 15:04:22,163:INFO:Engine for model 'lightgbm_cds_dt' has not been set explicitly, hence returning None.
2023-08-22 15:04:22,163:INFO:Engine for model 'catboost_cds_dt' has not been set explicitly, hence returning None.
2023-08-22 15:04:22,163:WARNING:
'catboost' is a soft dependency and not included in the pycaret installation. Please run: `pip install catboost` to install.
Alternately, you can install this by running `pip install pycaret[models]`
2023-08-22 15:04:22,163:WARNING:
'catboost' is a soft dependency and not included in the pycaret installation. Please run: `pip install catboost` to install.
Alternately, you can install this by running `pip install pycaret[models]`
2023-08-22 15:04:22,165:WARNING:
'prophet' is a soft dependency and not included in the pycaret installation. Please run: `pip install prophet` to install.
2023-08-22 15:04:22,167:INFO:Engine for model 'omp_cds_dt' has not been set explicitly, hence returning None.
2023-08-22 15:04:22,168:INFO:Engine for model 'knn_cds_dt' has not been set explicitly, hence returning None.
2023-08-22 15:04:22,168:INFO:Engine for model 'dt_cds_dt' has not been set explicitly, hence returning None.
2023-08-22 15:04:22,168:INFO:Engine for model 'rf_cds_dt' has not been set explicitly, hence returning None.
2023-08-22 15:04:22,168:INFO:Engine for model 'et_cds_dt' has not been set explicitly, hence returning None.
2023-08-22 15:04:22,168:INFO:Engine for model 'gbr_cds_dt' has not been set explicitly, hence returning None.
2023-08-22 15:04:22,169:INFO:Engine for model 'ada_cds_dt' has not been set explicitly, hence returning None.
2023-08-22 15:04:22,169:INFO:Engine for model 'xgboost_cds_dt' has not been set explicitly, hence returning None.
2023-08-22 15:04:22,169:INFO:Soft dependency imported: xgboost: 1.7.6
2023-08-22 15:04:22,169:INFO:Soft dependency imported: xgboost: 1.7.6
2023-08-22 15:04:22,169:INFO:Engine for model 'lightgbm_cds_dt' has not been set explicitly, hence returning None.
2023-08-22 15:04:22,169:INFO:Engine for model 'catboost_cds_dt' has not been set explicitly, hence returning None.
2023-08-22 15:04:22,169:WARNING:
'catboost' is a soft dependency and not included in the pycaret installation. Please run: `pip install catboost` to install.
Alternately, you can install this by running `pip install pycaret[models]`
2023-08-22 15:04:22,169:WARNING:
'catboost' is a soft dependency and not included in the pycaret installation. Please run: `pip install catboost` to install.
Alternately, you can install this by running `pip install pycaret[models]`
2023-08-22 15:04:22,169:INFO:Engine successfully changes for model 'omp_cds_dt' to 'sklearn'.
2023-08-22 15:04:22,171:WARNING:
'prophet' is a soft dependency and not included in the pycaret installation. Please run: `pip install prophet` to install.
2023-08-22 15:04:22,173:INFO:Engine for model 'knn_cds_dt' has not been set explicitly, hence returning None.
2023-08-22 15:04:22,174:INFO:Engine for model 'dt_cds_dt' has not been set explicitly, hence returning None.
2023-08-22 15:04:22,174:INFO:Engine for model 'rf_cds_dt' has not been set explicitly, hence returning None.
2023-08-22 15:04:22,174:INFO:Engine for model 'et_cds_dt' has not been set explicitly, hence returning None.
2023-08-22 15:04:22,174:INFO:Engine for model 'gbr_cds_dt' has not been set explicitly, hence returning None.
2023-08-22 15:04:22,174:INFO:Engine for model 'ada_cds_dt' has not been set explicitly, hence returning None.
2023-08-22 15:04:22,174:INFO:Engine for model 'xgboost_cds_dt' has not been set explicitly, hence returning None.
2023-08-22 15:04:22,174:INFO:Soft dependency imported: xgboost: 1.7.6
2023-08-22 15:04:22,174:INFO:Soft dependency imported: xgboost: 1.7.6
2023-08-22 15:04:22,175:INFO:Engine for model 'lightgbm_cds_dt' has not been set explicitly, hence returning None.
2023-08-22 15:04:22,175:INFO:Engine for model 'catboost_cds_dt' has not been set explicitly, hence returning None.
2023-08-22 15:04:22,175:WARNING:
'catboost' is a soft dependency and not included in the pycaret installation. Please run: `pip install catboost` to install.
Alternately, you can install this by running `pip install pycaret[models]`
2023-08-22 15:04:22,175:WARNING:
'catboost' is a soft dependency and not included in the pycaret installation. Please run: `pip install catboost` to install.
Alternately, you can install this by running `pip install pycaret[models]`
2023-08-22 15:04:22,177:WARNING:
'prophet' is a soft dependency and not included in the pycaret installation. Please run: `pip install prophet` to install.
2023-08-22 15:04:22,179:INFO:Engine for model 'knn_cds_dt' has not been set explicitly, hence returning None.
2023-08-22 15:04:22,179:INFO:Engine for model 'dt_cds_dt' has not been set explicitly, hence returning None.
2023-08-22 15:04:22,180:INFO:Engine for model 'rf_cds_dt' has not been set explicitly, hence returning None.
2023-08-22 15:04:22,180:INFO:Engine for model 'et_cds_dt' has not been set explicitly, hence returning None.
2023-08-22 15:04:22,180:INFO:Engine for model 'gbr_cds_dt' has not been set explicitly, hence returning None.
2023-08-22 15:04:22,180:INFO:Engine for model 'ada_cds_dt' has not been set explicitly, hence returning None.
2023-08-22 15:04:22,180:INFO:Engine for model 'xgboost_cds_dt' has not been set explicitly, hence returning None.
2023-08-22 15:04:22,180:INFO:Soft dependency imported: xgboost: 1.7.6
2023-08-22 15:04:22,180:INFO:Soft dependency imported: xgboost: 1.7.6
2023-08-22 15:04:22,181:INFO:Engine for model 'lightgbm_cds_dt' has not been set explicitly, hence returning None.
2023-08-22 15:04:22,181:INFO:Engine for model 'catboost_cds_dt' has not been set explicitly, hence returning None.
2023-08-22 15:04:22,181:WARNING:
'catboost' is a soft dependency and not included in the pycaret installation. Please run: `pip install catboost` to install.
Alternately, you can install this by running `pip install pycaret[models]`
2023-08-22 15:04:22,181:WARNING:
'catboost' is a soft dependency and not included in the pycaret installation. Please run: `pip install catboost` to install.
Alternately, you can install this by running `pip install pycaret[models]`
2023-08-22 15:04:22,181:INFO:Engine successfully changes for model 'knn_cds_dt' to 'sklearn'.
2023-08-22 15:04:22,183:WARNING:
'prophet' is a soft dependency and not included in the pycaret installation. Please run: `pip install prophet` to install.
2023-08-22 15:04:22,185:INFO:Engine for model 'dt_cds_dt' has not been set explicitly, hence returning None.
2023-08-22 15:04:22,185:INFO:Engine for model 'rf_cds_dt' has not been set explicitly, hence returning None.
2023-08-22 15:04:22,186:INFO:Engine for model 'et_cds_dt' has not been set explicitly, hence returning None.
2023-08-22 15:04:22,186:INFO:Engine for model 'gbr_cds_dt' has not been set explicitly, hence returning None.
2023-08-22 15:04:22,186:INFO:Engine for model 'ada_cds_dt' has not been set explicitly, hence returning None.
2023-08-22 15:04:22,186:INFO:Engine for model 'xgboost_cds_dt' has not been set explicitly, hence returning None.
2023-08-22 15:04:22,186:INFO:Soft dependency imported: xgboost: 1.7.6
2023-08-22 15:04:22,186:INFO:Soft dependency imported: xgboost: 1.7.6
2023-08-22 15:04:22,186:INFO:Engine for model 'lightgbm_cds_dt' has not been set explicitly, hence returning None.
2023-08-22 15:04:22,187:INFO:Engine for model 'catboost_cds_dt' has not been set explicitly, hence returning None.
2023-08-22 15:04:22,187:WARNING:
'catboost' is a soft dependency and not included in the pycaret installation. Please run: `pip install catboost` to install.
Alternately, you can install this by running `pip install pycaret[models]`
2023-08-22 15:04:22,187:WARNING:
'catboost' is a soft dependency and not included in the pycaret installation. Please run: `pip install catboost` to install.
Alternately, you can install this by running `pip install pycaret[models]`
2023-08-22 15:04:22,188:WARNING:
'prophet' is a soft dependency and not included in the pycaret installation. Please run: `pip install prophet` to install.
2023-08-22 15:04:22,191:INFO:Engine for model 'dt_cds_dt' has not been set explicitly, hence returning None.
2023-08-22 15:04:22,191:INFO:Engine for model 'rf_cds_dt' has not been set explicitly, hence returning None.
2023-08-22 15:04:22,191:INFO:Engine for model 'et_cds_dt' has not been set explicitly, hence returning None.
2023-08-22 15:04:22,191:INFO:Engine for model 'gbr_cds_dt' has not been set explicitly, hence returning None.
2023-08-22 15:04:22,192:INFO:Engine for model 'ada_cds_dt' has not been set explicitly, hence returning None.
2023-08-22 15:04:22,192:INFO:Engine for model 'xgboost_cds_dt' has not been set explicitly, hence returning None.
2023-08-22 15:04:22,192:INFO:Soft dependency imported: xgboost: 1.7.6
2023-08-22 15:04:22,192:INFO:Soft dependency imported: xgboost: 1.7.6
2023-08-22 15:04:22,192:INFO:Engine for model 'lightgbm_cds_dt' has not been set explicitly, hence returning None.
2023-08-22 15:04:22,192:INFO:Engine for model 'catboost_cds_dt' has not been set explicitly, hence returning None.
2023-08-22 15:04:22,192:WARNING:
'catboost' is a soft dependency and not included in the pycaret installation. Please run: `pip install catboost` to install.
Alternately, you can install this by running `pip install pycaret[models]`
2023-08-22 15:04:22,192:WARNING:
'catboost' is a soft dependency and not included in the pycaret installation. Please run: `pip install catboost` to install.
Alternately, you can install this by running `pip install pycaret[models]`
2023-08-22 15:04:22,192:INFO:Engine successfully changes for model 'dt_cds_dt' to 'sklearn'.
2023-08-22 15:04:22,194:WARNING:
'prophet' is a soft dependency and not included in the pycaret installation. Please run: `pip install prophet` to install.
2023-08-22 15:04:22,196:INFO:Engine for model 'rf_cds_dt' has not been set explicitly, hence returning None.
2023-08-22 15:04:22,197:INFO:Engine for model 'et_cds_dt' has not been set explicitly, hence returning None.
2023-08-22 15:04:22,197:INFO:Engine for model 'gbr_cds_dt' has not been set explicitly, hence returning None.
2023-08-22 15:04:22,197:INFO:Engine for model 'ada_cds_dt' has not been set explicitly, hence returning None.
2023-08-22 15:04:22,197:INFO:Engine for model 'xgboost_cds_dt' has not been set explicitly, hence returning None.
2023-08-22 15:04:22,197:INFO:Soft dependency imported: xgboost: 1.7.6
2023-08-22 15:04:22,197:INFO:Soft dependency imported: xgboost: 1.7.6
2023-08-22 15:04:22,197:INFO:Engine for model 'lightgbm_cds_dt' has not been set explicitly, hence returning None.
2023-08-22 15:04:22,198:INFO:Engine for model 'catboost_cds_dt' has not been set explicitly, hence returning None.
2023-08-22 15:04:22,198:WARNING:
'catboost' is a soft dependency and not included in the pycaret installation. Please run: `pip install catboost` to install.
Alternately, you can install this by running `pip install pycaret[models]`
2023-08-22 15:04:22,198:WARNING:
'catboost' is a soft dependency and not included in the pycaret installation. Please run: `pip install catboost` to install.
Alternately, you can install this by running `pip install pycaret[models]`
2023-08-22 15:04:22,199:WARNING:
'prophet' is a soft dependency and not included in the pycaret installation. Please run: `pip install prophet` to install.
2023-08-22 15:04:22,202:INFO:Engine for model 'rf_cds_dt' has not been set explicitly, hence returning None.
2023-08-22 15:04:22,202:INFO:Engine for model 'et_cds_dt' has not been set explicitly, hence returning None.
2023-08-22 15:04:22,203:INFO:Engine for model 'gbr_cds_dt' has not been set explicitly, hence returning None.
2023-08-22 15:04:22,203:INFO:Engine for model 'ada_cds_dt' has not been set explicitly, hence returning None.
2023-08-22 15:04:22,203:INFO:Engine for model 'xgboost_cds_dt' has not been set explicitly, hence returning None.
2023-08-22 15:04:22,203:INFO:Soft dependency imported: xgboost: 1.7.6
2023-08-22 15:04:22,203:INFO:Soft dependency imported: xgboost: 1.7.6
2023-08-22 15:04:22,203:INFO:Engine for model 'lightgbm_cds_dt' has not been set explicitly, hence returning None.
2023-08-22 15:04:22,203:INFO:Engine for model 'catboost_cds_dt' has not been set explicitly, hence returning None.
2023-08-22 15:04:22,203:WARNING:
'catboost' is a soft dependency and not included in the pycaret installation. Please run: `pip install catboost` to install.
Alternately, you can install this by running `pip install pycaret[models]`
2023-08-22 15:04:22,203:WARNING:
'catboost' is a soft dependency and not included in the pycaret installation. Please run: `pip install catboost` to install.
Alternately, you can install this by running `pip install pycaret[models]`
2023-08-22 15:04:22,203:INFO:Engine successfully changes for model 'rf_cds_dt' to 'sklearn'.
2023-08-22 15:04:22,205:WARNING:
'prophet' is a soft dependency and not included in the pycaret installation. Please run: `pip install prophet` to install.
2023-08-22 15:04:22,208:INFO:Engine for model 'et_cds_dt' has not been set explicitly, hence returning None.
2023-08-22 15:04:22,208:INFO:Engine for model 'gbr_cds_dt' has not been set explicitly, hence returning None.
2023-08-22 15:04:22,208:INFO:Engine for model 'ada_cds_dt' has not been set explicitly, hence returning None.
2023-08-22 15:04:22,208:INFO:Engine for model 'xgboost_cds_dt' has not been set explicitly, hence returning None.
2023-08-22 15:04:22,208:INFO:Soft dependency imported: xgboost: 1.7.6
2023-08-22 15:04:22,208:INFO:Soft dependency imported: xgboost: 1.7.6
2023-08-22 15:04:22,209:INFO:Engine for model 'lightgbm_cds_dt' has not been set explicitly, hence returning None.
2023-08-22 15:04:22,209:INFO:Engine for model 'catboost_cds_dt' has not been set explicitly, hence returning None.
2023-08-22 15:04:22,209:WARNING:
'catboost' is a soft dependency and not included in the pycaret installation. Please run: `pip install catboost` to install.
Alternately, you can install this by running `pip install pycaret[models]`
2023-08-22 15:04:22,209:WARNING:
'catboost' is a soft dependency and not included in the pycaret installation. Please run: `pip install catboost` to install.
Alternately, you can install this by running `pip install pycaret[models]`
2023-08-22 15:04:22,210:WARNING:
'prophet' is a soft dependency and not included in the pycaret installation. Please run: `pip install prophet` to install.
2023-08-22 15:04:22,213:INFO:Engine for model 'et_cds_dt' has not been set explicitly, hence returning None.
2023-08-22 15:04:22,214:INFO:Engine for model 'gbr_cds_dt' has not been set explicitly, hence returning None.
2023-08-22 15:04:22,214:INFO:Engine for model 'ada_cds_dt' has not been set explicitly, hence returning None.
2023-08-22 15:04:22,214:INFO:Engine for model 'xgboost_cds_dt' has not been set explicitly, hence returning None.
2023-08-22 15:04:22,214:INFO:Soft dependency imported: xgboost: 1.7.6
2023-08-22 15:04:22,214:INFO:Soft dependency imported: xgboost: 1.7.6
2023-08-22 15:04:22,214:INFO:Engine for model 'lightgbm_cds_dt' has not been set explicitly, hence returning None.
2023-08-22 15:04:22,214:INFO:Engine for model 'catboost_cds_dt' has not been set explicitly, hence returning None.
2023-08-22 15:04:22,214:WARNING:
'catboost' is a soft dependency and not included in the pycaret installation. Please run: `pip install catboost` to install.
Alternately, you can install this by running `pip install pycaret[models]`
2023-08-22 15:04:22,214:WARNING:
'catboost' is a soft dependency and not included in the pycaret installation. Please run: `pip install catboost` to install.
Alternately, you can install this by running `pip install pycaret[models]`
2023-08-22 15:04:22,215:INFO:Engine successfully changes for model 'et_cds_dt' to 'sklearn'.
2023-08-22 15:04:22,216:WARNING:
'prophet' is a soft dependency and not included in the pycaret installation. Please run: `pip install prophet` to install.
2023-08-22 15:04:22,219:INFO:Engine for model 'gbr_cds_dt' has not been set explicitly, hence returning None.
2023-08-22 15:04:22,219:INFO:Engine for model 'ada_cds_dt' has not been set explicitly, hence returning None.
2023-08-22 15:04:22,219:INFO:Engine for model 'xgboost_cds_dt' has not been set explicitly, hence returning None.
2023-08-22 15:04:22,219:INFO:Soft dependency imported: xgboost: 1.7.6
2023-08-22 15:04:22,219:INFO:Soft dependency imported: xgboost: 1.7.6
2023-08-22 15:04:22,219:INFO:Engine for model 'lightgbm_cds_dt' has not been set explicitly, hence returning None.
2023-08-22 15:04:22,219:INFO:Engine for model 'catboost_cds_dt' has not been set explicitly, hence returning None.
2023-08-22 15:04:22,219:WARNING:
'catboost' is a soft dependency and not included in the pycaret installation. Please run: `pip install catboost` to install.
Alternately, you can install this by running `pip install pycaret[models]`
2023-08-22 15:04:22,219:WARNING:
'catboost' is a soft dependency and not included in the pycaret installation. Please run: `pip install catboost` to install.
Alternately, you can install this by running `pip install pycaret[models]`
2023-08-22 15:04:22,221:WARNING:
'prophet' is a soft dependency and not included in the pycaret installation. Please run: `pip install prophet` to install.
2023-08-22 15:04:22,224:INFO:Engine for model 'gbr_cds_dt' has not been set explicitly, hence returning None.
2023-08-22 15:04:22,224:INFO:Engine for model 'ada_cds_dt' has not been set explicitly, hence returning None.
2023-08-22 15:04:22,224:INFO:Engine for model 'xgboost_cds_dt' has not been set explicitly, hence returning None.
2023-08-22 15:04:22,224:INFO:Soft dependency imported: xgboost: 1.7.6
2023-08-22 15:04:22,224:INFO:Soft dependency imported: xgboost: 1.7.6
2023-08-22 15:04:22,225:INFO:Engine for model 'lightgbm_cds_dt' has not been set explicitly, hence returning None.
2023-08-22 15:04:22,225:INFO:Engine for model 'catboost_cds_dt' has not been set explicitly, hence returning None.
2023-08-22 15:04:22,225:WARNING:
'catboost' is a soft dependency and not included in the pycaret installation. Please run: `pip install catboost` to install.
Alternately, you can install this by running `pip install pycaret[models]`
2023-08-22 15:04:22,225:WARNING:
'catboost' is a soft dependency and not included in the pycaret installation. Please run: `pip install catboost` to install.
Alternately, you can install this by running `pip install pycaret[models]`
2023-08-22 15:04:22,225:INFO:Engine successfully changes for model 'gbr_cds_dt' to 'sklearn'.
2023-08-22 15:04:22,227:WARNING:
'prophet' is a soft dependency and not included in the pycaret installation. Please run: `pip install prophet` to install.
2023-08-22 15:04:22,230:INFO:Engine for model 'ada_cds_dt' has not been set explicitly, hence returning None.
2023-08-22 15:04:22,230:INFO:Engine for model 'xgboost_cds_dt' has not been set explicitly, hence returning None.
2023-08-22 15:04:22,230:INFO:Soft dependency imported: xgboost: 1.7.6
2023-08-22 15:04:22,230:INFO:Soft dependency imported: xgboost: 1.7.6
2023-08-22 15:04:22,231:INFO:Engine for model 'lightgbm_cds_dt' has not been set explicitly, hence returning None.
2023-08-22 15:04:22,231:INFO:Engine for model 'catboost_cds_dt' has not been set explicitly, hence returning None.
2023-08-22 15:04:22,231:WARNING:
'catboost' is a soft dependency and not included in the pycaret installation. Please run: `pip install catboost` to install.
Alternately, you can install this by running `pip install pycaret[models]`
2023-08-22 15:04:22,231:WARNING:
'catboost' is a soft dependency and not included in the pycaret installation. Please run: `pip install catboost` to install.
Alternately, you can install this by running `pip install pycaret[models]`
2023-08-22 15:04:22,233:WARNING:
'prophet' is a soft dependency and not included in the pycaret installation. Please run: `pip install prophet` to install.
2023-08-22 15:04:22,237:INFO:Engine for model 'ada_cds_dt' has not been set explicitly, hence returning None.
2023-08-22 15:04:22,237:INFO:Engine for model 'xgboost_cds_dt' has not been set explicitly, hence returning None.
2023-08-22 15:04:22,237:INFO:Soft dependency imported: xgboost: 1.7.6
2023-08-22 15:04:22,237:INFO:Soft dependency imported: xgboost: 1.7.6
2023-08-22 15:04:22,237:INFO:Engine for model 'lightgbm_cds_dt' has not been set explicitly, hence returning None.
2023-08-22 15:04:22,238:INFO:Engine for model 'catboost_cds_dt' has not been set explicitly, hence returning None.
2023-08-22 15:04:22,238:WARNING:
'catboost' is a soft dependency and not included in the pycaret installation. Please run: `pip install catboost` to install.
Alternately, you can install this by running `pip install pycaret[models]`
2023-08-22 15:04:22,238:WARNING:
'catboost' is a soft dependency and not included in the pycaret installation. Please run: `pip install catboost` to install.
Alternately, you can install this by running `pip install pycaret[models]`
2023-08-22 15:04:22,238:INFO:Engine successfully changes for model 'ada_cds_dt' to 'sklearn'.
2023-08-22 15:04:22,239:WARNING:
'prophet' is a soft dependency and not included in the pycaret installation. Please run: `pip install prophet` to install.
2023-08-22 15:04:22,243:INFO:Engine for model 'xgboost_cds_dt' has not been set explicitly, hence returning None.
2023-08-22 15:04:22,243:INFO:Soft dependency imported: xgboost: 1.7.6
2023-08-22 15:04:22,243:INFO:Soft dependency imported: xgboost: 1.7.6
2023-08-22 15:04:22,243:INFO:Engine for model 'lightgbm_cds_dt' has not been set explicitly, hence returning None.
2023-08-22 15:04:22,243:INFO:Engine for model 'catboost_cds_dt' has not been set explicitly, hence returning None.
2023-08-22 15:04:22,243:WARNING:
'catboost' is a soft dependency and not included in the pycaret installation. Please run: `pip install catboost` to install.
Alternately, you can install this by running `pip install pycaret[models]`
2023-08-22 15:04:22,243:WARNING:
'catboost' is a soft dependency and not included in the pycaret installation. Please run: `pip install catboost` to install.
Alternately, you can install this by running `pip install pycaret[models]`
2023-08-22 15:04:22,245:WARNING:
'prophet' is a soft dependency and not included in the pycaret installation. Please run: `pip install prophet` to install.
2023-08-22 15:04:22,249:INFO:Engine for model 'xgboost_cds_dt' has not been set explicitly, hence returning None.
2023-08-22 15:04:22,249:INFO:Soft dependency imported: xgboost: 1.7.6
2023-08-22 15:04:22,249:INFO:Soft dependency imported: xgboost: 1.7.6
2023-08-22 15:04:22,249:INFO:Engine for model 'lightgbm_cds_dt' has not been set explicitly, hence returning None.
2023-08-22 15:04:22,250:INFO:Engine for model 'catboost_cds_dt' has not been set explicitly, hence returning None.
2023-08-22 15:04:22,250:WARNING:
'catboost' is a soft dependency and not included in the pycaret installation. Please run: `pip install catboost` to install.
Alternately, you can install this by running `pip install pycaret[models]`
2023-08-22 15:04:22,250:WARNING:
'catboost' is a soft dependency and not included in the pycaret installation. Please run: `pip install catboost` to install.
Alternately, you can install this by running `pip install pycaret[models]`
2023-08-22 15:04:22,250:INFO:Engine successfully changes for model 'xgboost_cds_dt' to 'sklearn'.
2023-08-22 15:04:22,251:WARNING:
'prophet' is a soft dependency and not included in the pycaret installation. Please run: `pip install prophet` to install.
2023-08-22 15:04:22,255:INFO:Soft dependency imported: xgboost: 1.7.6
2023-08-22 15:04:22,255:INFO:Soft dependency imported: xgboost: 1.7.6
2023-08-22 15:04:22,255:INFO:Engine for model 'lightgbm_cds_dt' has not been set explicitly, hence returning None.
2023-08-22 15:04:22,255:INFO:Engine for model 'catboost_cds_dt' has not been set explicitly, hence returning None.
2023-08-22 15:04:22,255:WARNING:
'catboost' is a soft dependency and not included in the pycaret installation. Please run: `pip install catboost` to install.
Alternately, you can install this by running `pip install pycaret[models]`
2023-08-22 15:04:22,255:WARNING:
'catboost' is a soft dependency and not included in the pycaret installation. Please run: `pip install catboost` to install.
Alternately, you can install this by running `pip install pycaret[models]`
2023-08-22 15:04:22,257:WARNING:
'prophet' is a soft dependency and not included in the pycaret installation. Please run: `pip install prophet` to install.
2023-08-22 15:04:22,260:INFO:Soft dependency imported: xgboost: 1.7.6
2023-08-22 15:04:22,260:INFO:Soft dependency imported: xgboost: 1.7.6
2023-08-22 15:04:22,260:INFO:Engine for model 'lightgbm_cds_dt' has not been set explicitly, hence returning None.
2023-08-22 15:04:22,261:INFO:Engine for model 'catboost_cds_dt' has not been set explicitly, hence returning None.
2023-08-22 15:04:22,261:WARNING:
'catboost' is a soft dependency and not included in the pycaret installation. Please run: `pip install catboost` to install.
Alternately, you can install this by running `pip install pycaret[models]`
2023-08-22 15:04:22,261:WARNING:
'catboost' is a soft dependency and not included in the pycaret installation. Please run: `pip install catboost` to install.
Alternately, you can install this by running `pip install pycaret[models]`
2023-08-22 15:04:22,261:INFO:Engine successfully changes for model 'lightgbm_cds_dt' to 'sklearn'.
2023-08-22 15:04:22,263:WARNING:
'prophet' is a soft dependency and not included in the pycaret installation. Please run: `pip install prophet` to install.
2023-08-22 15:04:22,266:INFO:Soft dependency imported: xgboost: 1.7.6
2023-08-22 15:04:22,266:INFO:Soft dependency imported: xgboost: 1.7.6
2023-08-22 15:04:22,267:INFO:Engine for model 'catboost_cds_dt' has not been set explicitly, hence returning None.
2023-08-22 15:04:22,267:WARNING:
'catboost' is a soft dependency and not included in the pycaret installation. Please run: `pip install catboost` to install.
Alternately, you can install this by running `pip install pycaret[models]`
2023-08-22 15:04:22,267:WARNING:
'catboost' is a soft dependency and not included in the pycaret installation. Please run: `pip install catboost` to install.
Alternately, you can install this by running `pip install pycaret[models]`
2023-08-22 15:04:22,268:WARNING:
'prophet' is a soft dependency and not included in the pycaret installation. Please run: `pip install prophet` to install.
2023-08-22 15:04:22,271:INFO:Soft dependency imported: xgboost: 1.7.6
2023-08-22 15:04:22,272:INFO:Soft dependency imported: xgboost: 1.7.6
2023-08-22 15:04:22,272:INFO:Engine for model 'catboost_cds_dt' has not been set explicitly, hence returning None.
2023-08-22 15:04:22,272:WARNING:
'catboost' is a soft dependency and not included in the pycaret installation. Please run: `pip install catboost` to install.
Alternately, you can install this by running `pip install pycaret[models]`
2023-08-22 15:04:22,272:WARNING:
'catboost' is a soft dependency and not included in the pycaret installation. Please run: `pip install catboost` to install.
Alternately, you can install this by running `pip install pycaret[models]`
2023-08-22 15:04:22,272:INFO:Engine successfully changes for model 'catboost_cds_dt' to 'sklearn'.
2023-08-22 15:04:22,274:WARNING:
'prophet' is a soft dependency and not included in the pycaret installation. Please run: `pip install prophet` to install.
2023-08-22 15:04:22,277:INFO:Soft dependency imported: xgboost: 1.7.6
2023-08-22 15:04:22,277:INFO:Soft dependency imported: xgboost: 1.7.6
2023-08-22 15:04:22,277:WARNING:
'catboost' is a soft dependency and not included in the pycaret installation. Please run: `pip install catboost` to install.
Alternately, you can install this by running `pip install pycaret[models]`
2023-08-22 15:04:22,277:WARNING:
'catboost' is a soft dependency and not included in the pycaret installation. Please run: `pip install catboost` to install.
Alternately, you can install this by running `pip install pycaret[models]`
2023-08-22 15:04:22,279:WARNING:
'prophet' is a soft dependency and not included in the pycaret installation. Please run: `pip install prophet` to install.
2023-08-22 15:04:22,283:INFO:Soft dependency imported: xgboost: 1.7.6
2023-08-22 15:04:22,283:INFO:Soft dependency imported: xgboost: 1.7.6
2023-08-22 15:04:22,283:WARNING:
'catboost' is a soft dependency and not included in the pycaret installation. Please run: `pip install catboost` to install.
Alternately, you can install this by running `pip install pycaret[models]`
2023-08-22 15:04:22,283:WARNING:
'catboost' is a soft dependency and not included in the pycaret installation. Please run: `pip install catboost` to install.
Alternately, you can install this by running `pip install pycaret[models]`
2023-08-22 15:04:22,285:WARNING:
'prophet' is a soft dependency and not included in the pycaret installation. Please run: `pip install prophet` to install.
2023-08-22 15:04:22,288:INFO:Soft dependency imported: xgboost: 1.7.6
2023-08-22 15:04:22,288:INFO:Soft dependency imported: xgboost: 1.7.6
2023-08-22 15:04:22,289:WARNING:
'catboost' is a soft dependency and not included in the pycaret installation. Please run: `pip install catboost` to install.
Alternately, you can install this by running `pip install pycaret[models]`
2023-08-22 15:04:22,289:WARNING:
'catboost' is a soft dependency and not included in the pycaret installation. Please run: `pip install catboost` to install.
Alternately, you can install this by running `pip install pycaret[models]`
2023-08-22 15:04:22,291:WARNING:
'prophet' is a soft dependency and not included in the pycaret installation. Please run: `pip install prophet` to install.
2023-08-22 15:04:22,294:INFO:Soft dependency imported: xgboost: 1.7.6
2023-08-22 15:04:22,294:INFO:Soft dependency imported: xgboost: 1.7.6
2023-08-22 15:04:22,294:WARNING:
'catboost' is a soft dependency and not included in the pycaret installation. Please run: `pip install catboost` to install.
Alternately, you can install this by running `pip install pycaret[models]`
2023-08-22 15:04:22,294:WARNING:
'catboost' is a soft dependency and not included in the pycaret installation. Please run: `pip install catboost` to install.
Alternately, you can install this by running `pip install pycaret[models]`
2023-08-22 15:04:22,295:INFO:setup() successfully completed in 0.52s...............
2023-08-22 15:08:21,065:INFO:Visual Rendered Successfully
